[debug] > Exec(early(addDefaultCommands), None, None)
[debug] > Exec(addDefaultCommands, None, None)
[debug] > Exec(early(initialize), None, None)
[debug] > Exec(initialize, None, None)
[debug] > Exec(boot, None, None)
[debug] > Exec(writeSbtVersion, None, None)
[debug] > Exec(reload, None, None)
[debug] > Exec(sbtStashOnFailure, None, None)
[debug] > Exec(onFailure loadFailed, None, None)
[debug] > Exec(loadp, None, None)
[info] welcome to sbt 1.9.8 (Oracle Corporation Java 19.0.1)
[debug]       Load.loadUnit: plugins took 38.6455ms
[debug]       Load.loadUnit: defsScala took 0.142833ms
[debug] [Loading] Scanning directory /Users/erasyl/.sbt/1.0/plugins
[debug] [Loading] Found non-root projects 
[debug] [Loading] Done in /Users/erasyl/.sbt/1.0/plugins, returning: ()
[debug] deducing auto plugins based on known facts Set(Atom(sbt.plugins.CorePlugin)) and clauses Clauses(Clause(Atom(sbt.plugins.JvmPlugin),Set(Atom(sbt.plugins.IvyPlugin)))
[debug] Clause(Atom(sbt.ScriptedPlugin),Set(Atom(sbt.plugins.JvmPlugin)))
[debug] Clause(Atom(sbt.plugins.SbtPlugin),Set(Atom(sbt.ScriptedPlugin)))
[debug] Clause(Atom(sbt.plugins.SemanticdbPlugin),Set(Atom(sbt.plugins.JvmPlugin)))
[debug] Clause(Atom(sbt.plugins.JUnitXmlReportPlugin),Set(Atom(sbt.plugins.JvmPlugin)))
[debug] Clause(Atom(sbt.plugins.MiniDependencyTreePlugin),Set(Atom(sbt.plugins.JvmPlugin)))
[debug] Clause(Atom(sbt.plugins.CorePlugin),Set(Atom(sbt.plugins.IvyPlugin)))
[debug] Clause(Atom(sbt.plugins.IvyPlugin),Set(Atom(sbt.plugins.JvmPlugin)))
[debug] Clause(Atom(sbt.plugins.JvmPlugin),Set(Atom(sbt.plugins.SemanticdbPlugin)))
[debug] Clause(Atom(sbt.plugins.JvmPlugin),Set(Atom(sbt.plugins.JUnitXmlReportPlugin)))
[debug] Clause(Atom(sbt.plugins.CorePlugin),Set(Atom(sbt.plugins.Giter8TemplatePlugin)))
[debug] Clause(Atom(sbt.plugins.JvmPlugin),Set(Atom(sbt.plugins.MiniDependencyTreePlugin))))
[debug]   :: deduced result: Matched(sbt.plugins.CorePlugin,sbt.plugins.Giter8TemplatePlugin,sbt.plugins.IvyPlugin,sbt.plugins.JvmPlugin,sbt.plugins.MiniDependencyTreePlugin,sbt.plugins.JUnitXmlReportPlugin,sbt.plugins.SemanticdbPlugin)
[debug] Plugins.deducer#function took 6.493292 ms
[debug]           Load.resolveProject(global-plugins) took 20.68625ms
[debug]         Load.loadTransitive: finalizeProject(Project(id global-plugins, base: /Users/erasyl/.sbt/1.0/plugins, plugins: List(<none>))) took 41.857458ms
[debug] [Loading] Done in /Users/erasyl/.sbt/1.0/plugins, returning: (global-plugins)
[debug]       Load.loadUnit: loadedProjectsRaw took 50.742042ms
[debug]       Load.loadUnit: cleanEvalClasses took 0.085209ms
[debug]     Load.loadUnit(file:/Users/erasyl/.sbt/1.0/plugins/, ...) took 93.982541ms
[debug]   Load.apply: load took 561.1005ms
[debug]   Load.apply: resolveProjects took 2.861458ms
[debug]   Load.apply: finalTransforms took 26.602875ms
[debug]   Load.apply: config.delegates took 2.3315ms
[debug]   Load.apply: Def.make(settings)... took 181.622625ms
[debug]   Load.apply: structureIndex took 37.647125ms
[debug]   Load.apply: mkStreams took 0.572959ms
[info] loading global plugins from /Users/erasyl/.sbt/1.0/plugins
[debug] Running task... Cancel: Signal, check cycles: false, forcegc: true
[debug] Load.defaultLoad until apply took 1379.416667ms
[debug]           Load.loadUnit: plugins took 6.628709ms
[debug]           Load.loadUnit: defsScala took 0.001917ms
[debug] [Loading] Scanning directory /Users/erasyl/Desktop/code/Scala/ScalaMGNew/project
[debug] [Loading] Found non-root projects 
[debug] [Loading] Done in /Users/erasyl/Desktop/code/Scala/ScalaMGNew/project, returning: ()
[debug] deducing auto plugins based on known facts Set(Atom(sbt.plugins.CorePlugin)) and clauses Clauses(Clause(Atom(sbt.plugins.JvmPlugin),Set(Atom(sbt.plugins.IvyPlugin)))
[debug] Clause(Atom(sbt.ScriptedPlugin),Set(Atom(sbt.plugins.JvmPlugin)))
[debug] Clause(Atom(sbt.plugins.SbtPlugin),Set(Atom(sbt.ScriptedPlugin)))
[debug] Clause(Atom(sbt.plugins.SemanticdbPlugin),Set(Atom(sbt.plugins.JvmPlugin)))
[debug] Clause(Atom(sbt.plugins.JUnitXmlReportPlugin),Set(Atom(sbt.plugins.JvmPlugin)))
[debug] Clause(Atom(sbt.plugins.MiniDependencyTreePlugin),Set(Atom(sbt.plugins.JvmPlugin)))
[debug] Clause(Atom(sbt.plugins.CorePlugin),Set(Atom(sbt.plugins.IvyPlugin)))
[debug] Clause(Atom(sbt.plugins.IvyPlugin),Set(Atom(sbt.plugins.JvmPlugin)))
[debug] Clause(Atom(sbt.plugins.JvmPlugin),Set(Atom(sbt.plugins.SemanticdbPlugin)))
[debug] Clause(Atom(sbt.plugins.JvmPlugin),Set(Atom(sbt.plugins.JUnitXmlReportPlugin)))
[debug] Clause(Atom(sbt.plugins.CorePlugin),Set(Atom(sbt.plugins.Giter8TemplatePlugin)))
[debug] Clause(Atom(sbt.plugins.JvmPlugin),Set(Atom(sbt.plugins.MiniDependencyTreePlugin))))
[debug]   :: deduced result: Matched(sbt.plugins.CorePlugin,sbt.plugins.Giter8TemplatePlugin,sbt.plugins.IvyPlugin,sbt.plugins.JvmPlugin,sbt.plugins.MiniDependencyTreePlugin,sbt.plugins.JUnitXmlReportPlugin,sbt.plugins.SemanticdbPlugin)
[debug] Plugins.deducer#function took 1.131416 ms
[debug]               Load.resolveProject(scalamgnew-build) took 0.654166ms
[debug]             Load.loadTransitive: finalizeProject(Project(id scalamgnew-build, base: /Users/erasyl/Desktop/code/Scala/ScalaMGNew/project, plugins: List(<none>))) took 2.032167ms
[debug] [Loading] Done in /Users/erasyl/Desktop/code/Scala/ScalaMGNew/project, returning: (scalamgnew-build)
[debug]           Load.loadUnit: loadedProjectsRaw took 2.869667ms
[debug]           Load.loadUnit: cleanEvalClasses took 0.0105ms
[debug]         Load.loadUnit(file:/Users/erasyl/Desktop/code/Scala/ScalaMGNew/project/, ...) took 9.8335ms
[debug]       Load.apply: load took 10.361375ms
[debug]       Load.apply: resolveProjects took 0.052791ms
[debug]       Load.apply: finalTransforms took 4.233125ms
[debug]       Load.apply: config.delegates took 0.22075ms
[debug]       Load.apply: Def.make(settings)... took 46.871959ms
[debug]       Load.apply: structureIndex took 20.515292ms
[debug]       Load.apply: mkStreams took 0.00225ms
[info] loading project definition from /Users/erasyl/Desktop/code/Scala/ScalaMGNew/project
[debug] Running task... Cancel: Signal, check cycles: false, forcegc: true
[debug]     Load.loadUnit: plugins took 207.60975ms
[debug]     Load.loadUnit: defsScala took 0.00175ms
[debug] [Loading] Scanning directory /Users/erasyl/Desktop/code/Scala/ScalaMGNew
[debug]       Load.loadUnit: mkEval took 2.504ms
[debug] [Loading] Found root project root w/ remaining 
[debug] deducing auto plugins based on known facts Set(Atom(sbt.plugins.CorePlugin)) and clauses Clauses(Clause(Atom(sbt.plugins.JvmPlugin),Set(Atom(sbt.plugins.IvyPlugin)))
[debug] Clause(Atom(sbt.ScriptedPlugin),Set(Atom(sbt.plugins.JvmPlugin)))
[debug] Clause(Atom(sbt.plugins.SbtPlugin),Set(Atom(sbt.ScriptedPlugin)))
[debug] Clause(Atom(sbt.plugins.SemanticdbPlugin),Set(Atom(sbt.plugins.JvmPlugin)))
[debug] Clause(Atom(sbt.plugins.JUnitXmlReportPlugin),Set(Atom(sbt.plugins.JvmPlugin)))
[debug] Clause(Atom(sbt.plugins.MiniDependencyTreePlugin),Set(Atom(sbt.plugins.JvmPlugin)))
[debug] Clause(Atom(sbt.plugins.CorePlugin),Set(Atom(sbt.plugins.IvyPlugin)))
[debug] Clause(Atom(sbt.plugins.IvyPlugin),Set(Atom(sbt.plugins.JvmPlugin)))
[debug] Clause(Atom(sbt.plugins.JvmPlugin),Set(Atom(sbt.plugins.SemanticdbPlugin)))
[debug] Clause(Atom(sbt.plugins.JvmPlugin),Set(Atom(sbt.plugins.JUnitXmlReportPlugin)))
[debug] Clause(Atom(sbt.plugins.CorePlugin),Set(Atom(sbt.plugins.Giter8TemplatePlugin)))
[debug] Clause(Atom(sbt.plugins.JvmPlugin),Set(Atom(sbt.plugins.MiniDependencyTreePlugin))))
[debug]   :: deduced result: Matched(sbt.plugins.CorePlugin,sbt.plugins.Giter8TemplatePlugin,sbt.plugins.IvyPlugin,sbt.plugins.JvmPlugin,sbt.plugins.MiniDependencyTreePlugin,sbt.plugins.JUnitXmlReportPlugin,sbt.plugins.SemanticdbPlugin)
[debug] Plugins.deducer#function took 0.760209 ms
[info] loading settings for project root from build.sbt ...
[debug]         Load.resolveProject(root) took 1.191375ms
[debug]       Load.loadTransitive: finalizeProject(Project(id root, base: /Users/erasyl/Desktop/code/Scala/ScalaMGNew, plugins: List(<none>))) took 2.337125ms
[debug] [Loading] Done in /Users/erasyl/Desktop/code/Scala/ScalaMGNew, returning: (root)
[debug]     Load.loadUnit: loadedProjectsRaw took 855.846375ms
[debug]     Load.loadUnit: cleanEvalClasses took 2.501125ms
[debug]   Load.loadUnit(file:/Users/erasyl/Desktop/code/Scala/ScalaMGNew/, ...) took 1066.318167ms
[debug] Load.apply: load took 1067.084083ms
[debug] Load.apply: resolveProjects took 0.067292ms
[debug] Load.apply: finalTransforms took 8.725166ms
[debug] Load.apply: config.delegates took 0.195292ms
[debug] Load.apply: Def.make(settings)... took 36.467ms
[debug] Load.apply: structureIndex took 13.028166ms
[debug] Load.apply: mkStreams took 0.001542ms
[info] set current project to ScalaMGNew (in build file:/Users/erasyl/Desktop/code/Scala/ScalaMGNew/)
[debug] > Exec(sbtPopOnFailure, None, None)
[debug] > Exec(resumeFromFailure, None, None)
[debug] > Exec(notifyUsersAboutShell, None, None)
[debug] > Exec(iflast shell, None, None)
[debug] > Exec(shell, None, None)
[info] sbt server started at local:///Users/erasyl/.sbt/1.0/server/cfb8827a29dfbe65786a/sock
[debug] Writing bsp connection file
[info] started sbt server
